<?xml version="1.0" encoding="UTF-8"?>
<!-- Generated by org.testng.reporters.JUnitReportReporter -->
<testsuite hostname="Dell-PC" name="retryLogic.Retry" tests="1" failures="0" timestamp="4 Jun 2018 20:08:27 GMT" time="0.014" errors="0">
  <testcase name="retry" time="0.014" classname="retryLogic.Retry"/>
</testsuite> <!-- retryLogic.Retry -->
